#
# There is insufficient memory for the Java Runtime Environment to continue.
# Native memory allocation (malloc) failed to allocate 451376 bytes. Error detail: Chunk::new
# Possible reasons:
#   The system is out of physical RAM or swap space
#   This process is running with CompressedOops enabled, and the Java Heap may be blocking the growth of the native heap
# Possible solutions:
#   Reduce memory load on the system
#   Increase physical memory or swap space
#   Check if swap backing store is full
#   Decrease Java heap size (-Xmx/-Xms)
#   Decrease number of Java threads
#   Decrease Java thread stack sizes (-Xss)
#   Set larger code cache with -XX:ReservedCodeCacheSize=
#   JVM is running with Unscaled Compressed Oops mode in which the Java heap is
#     placed in the first 4GB address space. The Java Heap base address is the
#     maximum limit for the native heap growth. Please use -XX:HeapBaseMinAddress
#     to set the Java Heap base and to place the Java Heap above 4GB virtual address.
# This output file may be truncated or incomplete.
#
#  Out of Memory Error (arena.cpp:168), pid=2512, tid=8128
#
# JRE version: OpenJDK Runtime Environment Temurin-21.0.7+6 (21.0.7+6) (build 21.0.7+6-LTS)
# Java VM: OpenJDK 64-Bit Server VM Temurin-21.0.7+6 (21.0.7+6-LTS, mixed mode, sharing, tiered, compressed oops, compressed class ptrs, parallel gc, windows-amd64)
# No core dump will be written. Minidumps are not enabled by default on client versions of Windows
#

---------------  S U M M A R Y ------------

Command Line: --add-modules=ALL-SYSTEM --add-opens=java.base/java.util=ALL-UNNAMED --add-opens=java.base/java.lang=ALL-UNNAMED --add-opens=java.base/sun.nio.fs=ALL-UNNAMED -Declipse.application=org.eclipse.jdt.ls.core.id1 -Dosgi.bundles.defaultStartLevel=4 -Declipse.product=org.eclipse.jdt.ls.core.product -Djava.import.generatesMetadataFilesAtProjectRoot=false -DDetectVMInstallationsJob.disabled=true -Dfile.encoding=utf8 -XX:+UseParallelGC -XX:GCTimeRatio=4 -XX:AdaptiveSizePolicyWeight=90 -Dsun.zip.disableMemoryMapping=true -Xmx1G -Xms100m -Xlog:disable -javaagent:c:\Users\User\.vscode\extensions\redhat.java-1.42.0-win32-x64\lombok\lombok-1.18.36.jar c:\Users\User\.vscode\extensions\redhat.java-1.42.0-win32-x64\server\plugins\org.eclipse.equinox.launcher_1.7.0.v20250424-1814.jar -configuration c:\Users\User\AppData\Roaming\Code\User\globalStorage\redhat.java\1.42.0\config_ss_win -data c:\Users\User\AppData\Roaming\Code\User\workspaceStorage\46c8eabcd6d18eb18227af2bab330112\redhat.java\ss_ws --pipe=\\.\pipe\lsp-c57df3bae301c5b4797af7b8e7a089d6-sock

Host: 12th Gen Intel(R) Core(TM) i7-1255U, 12 cores, 15G,  Windows 11 , 64 bit Build 22621 (10.0.22621.5262)
Time: Thu May 22 21:16:57 2025 Middle East Daylight Time elapsed time: 11.239423 seconds (0d 0h 0m 11s)

---------------  T H R E A D  ---------------

Current thread (0x0000020ae4bddc90):  JavaThread "C2 CompilerThread0" daemon [_thread_in_native, id=8128, stack(0x000000d76da00000,0x000000d76db00000) (1024K)]


Current CompileTask:
C2:11239 2286       4       jdk.internal.org.objectweb.asm.Frame::execute (2305 bytes)

Stack: [0x000000d76da00000,0x000000d76db00000]
Native frames: (J=compiled Java code, j=interpreted, Vv=VM code, C=native code)
V  [jvm.dll+0x6ce119]
V  [jvm.dll+0x8a84a1]
V  [jvm.dll+0x8aa9ce]
V  [jvm.dll+0x8ab0b3]
V  [jvm.dll+0x27f8a6]
V  [jvm.dll+0xc507d]
V  [jvm.dll+0xc55b3]
V  [jvm.dll+0x3b68f2]
V  [jvm.dll+0x382aa5]
V  [jvm.dll+0x381f0a]
V  [jvm.dll+0x247af0]
V  [jvm.dll+0x2470cf]
V  [jvm.dll+0x1c760e]
V  [jvm.dll+0x25695a]
V  [jvm.dll+0x254efa]
V  [jvm.dll+0x3f03f6]
V  [jvm.dll+0x851f6b]
V  [jvm.dll+0x6cc7dd]
C  [ucrtbase.dll+0x29333]
C  [KERNEL32.DLL+0x1259d]
C  [ntdll.dll+0x5af58]


---------------  P R O C E S S  ---------------

Threads class SMR info:
_java_thread_list=0x0000020ae4f1a740, length=17, elements={
0x0000020ace7f3fd0, 0x0000020ae2bddd40, 0x0000020ae4bd4830, 0x0000020ae4bd8690,
0x0000020ae4bd6f00, 0x0000020ae4bdb4b0, 0x0000020ae4bdcf10, 0x0000020ae4bddc90,
0x0000020ae4bdf1c0, 0x0000020ae4cdfa20, 0x0000020ae4f37d90, 0x0000020ae99a0700,
0x0000020ae9984d00, 0x0000020ae997d090, 0x0000020ae4c59990, 0x0000020ae933b730,
0x0000020ae4dab180
}

Java Threads: ( => current thread )
  0x0000020ace7f3fd0 JavaThread "main"                              [_thread_blocked, id=22176, stack(0x000000d76d000000,0x000000d76d100000) (1024K)]
  0x0000020ae2bddd40 JavaThread "Reference Handler"          daemon [_thread_blocked, id=21796, stack(0x000000d76d400000,0x000000d76d500000) (1024K)]
  0x0000020ae4bd4830 JavaThread "Finalizer"                  daemon [_thread_blocked, id=2696, stack(0x000000d76d500000,0x000000d76d600000) (1024K)]
  0x0000020ae4bd8690 JavaThread "Signal Dispatcher"          daemon [_thread_blocked, id=22320, stack(0x000000d76d600000,0x000000d76d700000) (1024K)]
  0x0000020ae4bd6f00 JavaThread "Attach Listener"            daemon [_thread_blocked, id=8196, stack(0x000000d76d700000,0x000000d76d800000) (1024K)]
  0x0000020ae4bdb4b0 JavaThread "Service Thread"             daemon [_thread_blocked, id=21656, stack(0x000000d76d800000,0x000000d76d900000) (1024K)]
  0x0000020ae4bdcf10 JavaThread "Monitor Deflation Thread"   daemon [_thread_blocked, id=7508, stack(0x000000d76d900000,0x000000d76da00000) (1024K)]
=>0x0000020ae4bddc90 JavaThread "C2 CompilerThread0"         daemon [_thread_in_native, id=8128, stack(0x000000d76da00000,0x000000d76db00000) (1024K)]
  0x0000020ae4bdf1c0 JavaThread "C1 CompilerThread0"         daemon [_thread_blocked, id=7992, stack(0x000000d76db00000,0x000000d76dc00000) (1024K)]
  0x0000020ae4cdfa20 JavaThread "Common-Cleaner"             daemon [_thread_blocked, id=16540, stack(0x000000d76dc00000,0x000000d76dd00000) (1024K)]
  0x0000020ae4f37d90 JavaThread "Notification Thread"        daemon [_thread_blocked, id=9536, stack(0x000000d76de00000,0x000000d76df00000) (1024K)]
  0x0000020ae99a0700 JavaThread "Active Thread: Equinox Container: 82af9c4f-886a-4901-b35e-19620f0fa8c9"        [_thread_blocked, id=4464, stack(0x000000d76e600000,0x000000d76e700000) (1024K)]
  0x0000020ae9984d00 JavaThread "Framework Event Dispatcher: Equinox Container: 82af9c4f-886a-4901-b35e-19620f0fa8c9" daemon [_thread_blocked, id=18644, stack(0x000000d76df00000,0x000000d76e000000) (1024K)]
  0x0000020ae997d090 JavaThread "Start Level: Equinox Container: 82af9c4f-886a-4901-b35e-19620f0fa8c9" daemon [_thread_in_native, id=17676, stack(0x000000d76e700000,0x000000d76e800000) (1024K)]
  0x0000020ae4c59990 JavaThread "SCR Component Actor"        daemon [_thread_blocked, id=3972, stack(0x000000d76e900000,0x000000d76ea00000) (1024K)]
  0x0000020ae933b730 JavaThread "SCR Component Registry"     daemon [_thread_blocked, id=15252, stack(0x000000d76ea00000,0x000000d76eb00000) (1024K)]
  0x0000020ae4dab180 JavaThread "Worker-JM"                         [_thread_blocked, id=20784, stack(0x000000d76eb00000,0x000000d76ec00000) (1024K)]
Total: 17

Other Threads:
  0x0000020ae2bc4f60 VMThread "VM Thread"                           [id=3436, stack(0x000000d76d300000,0x000000d76d400000) (1024K)]
  0x0000020ae2abca00 WatcherThread "VM Periodic Task Thread"        [id=15088, stack(0x000000d76d200000,0x000000d76d300000) (1024K)]
  0x0000020ace812280 WorkerThread "GC Thread#0"                     [id=14248, stack(0x000000d76d100000,0x000000d76d200000) (1024K)]
  0x0000020ae92774b0 WorkerThread "GC Thread#1"                     [id=13800, stack(0x000000d76e000000,0x000000d76e100000) (1024K)]
  0x0000020ae944bae0 WorkerThread "GC Thread#2"                     [id=18124, stack(0x000000d76e100000,0x000000d76e200000) (1024K)]
  0x0000020ae944be80 WorkerThread "GC Thread#3"                     [id=18236, stack(0x000000d76e200000,0x000000d76e300000) (1024K)]
  0x0000020ae931fbe0 WorkerThread "GC Thread#4"                     [id=9996, stack(0x000000d76e300000,0x000000d76e400000) (1024K)]
  0x0000020ae931ff80 WorkerThread "GC Thread#5"                     [id=20048, stack(0x000000d76e400000,0x000000d76e500000) (1024K)]
  0x0000020ae9320320 WorkerThread "GC Thread#6"                     [id=15968, stack(0x000000d76e500000,0x000000d76e600000) (1024K)]
  0x0000020ae4c62350 WorkerThread "GC Thread#7"                     [id=1532, stack(0x000000d76e800000,0x000000d76e900000) (1024K)]
  0x0000020ae91dcc20 WorkerThread "GC Thread#8"                     [id=5892, stack(0x000000d76ec00000,0x000000d76ed00000) (1024K)]
  0x0000020ae91dcfc0 WorkerThread "GC Thread#9"                     [id=2908, stack(0x000000d76ed00000,0x000000d76ee00000) (1024K)]
Total: 12

Threads with active compile tasks:
C2 CompilerThread0  11257 2286       4       jdk.internal.org.objectweb.asm.Frame::execute (2305 bytes)
C1 CompilerThread0  11257 2303       3       sun.net.www.protocol.file.Handler::parseURL (18 bytes)
Total: 2

VM state: not at safepoint (normal execution)

VM Mutex/Monitor currently owned by a thread: None

Heap address: 0x00000000c0000000, size: 1024 MB, Compressed Oops mode: 32-bit

CDS archive(s) mapped at: [0x0000020a80000000-0x0000020a80ba0000-0x0000020a80ba0000), size 12189696, SharedBaseAddress: 0x0000020a80000000, ArchiveRelocationMode: 1.
Compressed class space mapped at: 0x0000020a81000000-0x0000020ac1000000, reserved size: 1073741824
Narrow klass base: 0x0000020a80000000, Narrow klass shift: 0, Narrow klass range: 0x100000000

GC Precious Log:
 CardTable entry size: 512
 CPUs: 12 total, 12 available
 Memory: 16067M
 Large Page Support: Disabled
 NUMA Support: Disabled
 Compressed Oops: Enabled (32-bit)
 Alignments: Space 512K, Generation 512K, Heap 2M
 Heap Min Capacity: 100M
 Heap Initial Capacity: 100M
 Heap Max Capacity: 1G
 Pre-touch: Disabled
 Parallel Workers: 10

Heap:
 PSYoungGen      total 29696K, used 5201K [0x00000000eab00000, 0x00000000ecc00000, 0x0000000100000000)
  eden space 25600K, 4% used [0x00000000eab00000,0x00000000eac18e30,0x00000000ec400000)
  from space 4096K, 99% used [0x00000000ec400000,0x00000000ec7fb768,0x00000000ec800000)
  to   space 4096K, 0% used [0x00000000ec800000,0x00000000ec800000,0x00000000ecc00000)
 ParOldGen       total 68608K, used 2896K [0x00000000c0000000, 0x00000000c4300000, 0x00000000eab00000)
  object space 68608K, 4% used [0x00000000c0000000,0x00000000c02d4148,0x00000000c4300000)
 Metaspace       used 13064K, committed 13568K, reserved 1114112K
  class space    used 1339K, committed 1536K, reserved 1048576K

Card table byte_map: [0x0000020ace1c0000,0x0000020ace3d0000] _byte_map_base: 0x0000020acdbc0000

Marking Bits: (ParMarkBitMap*) 0x00007ff9a04a31f0
 Begin Bits: [0x0000020ae09e0000, 0x0000020ae19e0000)
 End Bits:   [0x0000020ae19e0000, 0x0000020ae29e0000)

Polling page: 0x0000020acdfb0000

Metaspace:

Usage:
  Non-class:     11.45 MB used.
      Class:      1.31 MB used.
       Both:     12.76 MB used.

Virtual space:
  Non-class space:       64.00 MB reserved,      11.75 MB ( 18%) committed,  1 nodes.
      Class space:        1.00 GB reserved,       1.50 MB ( <1%) committed,  1 nodes.
             Both:        1.06 GB reserved,      13.25 MB (  1%) committed. 

Chunk freelists:
   Non-Class:  4.23 MB
       Class:  14.46 MB
        Both:  18.69 MB

MaxMetaspaceSize: unlimited
CompressedClassSpaceSize: 1.00 GB
Initial GC threshold: 21.00 MB
Current GC threshold: 21.00 MB
CDS: on
 - commit_granule_bytes: 65536.
 - commit_granule_words: 8192.
 - virtual_space_node_default_size: 8388608.
 - enlarge_chunks_in_place: 1.
 - use_allocation_guard: 0.


Internal statistics:

num_allocs_failed_limit: 0.
num_arena_births: 408.
num_arena_deaths: 0.
num_vsnodes_births: 2.
num_vsnodes_deaths: 0.
num_space_committed: 212.
num_space_uncommitted: 0.
num_chunks_returned_to_freelist: 0.
num_chunks_taken_from_freelist: 822.
num_chunk_merges: 0.
num_chunk_splits: 551.
num_chunks_enlarged: 354.
num_inconsistent_stats: 0.

CodeHeap 'non-profiled nmethods': size=120000Kb used=932Kb max_used=932Kb free=119067Kb
 bounds [0x0000020ad94b0000, 0x0000020ad9720000, 0x0000020ae09e0000]
CodeHeap 'profiled nmethods': size=120000Kb used=4317Kb max_used=4317Kb free=115682Kb
 bounds [0x0000020ad19e0000, 0x0000020ad1e20000, 0x0000020ad8f10000]
CodeHeap 'non-nmethods': size=5760Kb used=1254Kb max_used=1272Kb free=4505Kb
 bounds [0x0000020ad8f10000, 0x0000020ad9180000, 0x0000020ad94b0000]
 total_blobs=2820 nmethods=2299 adapters=427
 compilation: enabled
              stopped_count=0, restarted_count=0
 full_count=0

Compilation events (20 events):
Event: 11.222 Thread 0x0000020ae4bdf1c0 2278       3       jdk.internal.org.objectweb.asm.MethodWriter::visitLdcInsn (215 bytes)
Event: 11.222 Thread 0x0000020ae4bddc90 nmethod 2203 0x0000020ad9597390 code [0x0000020ad9597540, 0x0000020ad95979e8]
Event: 11.223 Thread 0x0000020ae4bdf1c0 nmethod 2278 0x0000020ad1e09990 code [0x0000020ad1e09c20, 0x0000020ad1e0a6a8]
Event: 11.223 Thread 0x0000020ae4bdf1c0 2279       3       jdk.internal.org.objectweb.asm.MethodWriter::computeAllFrames (510 bytes)
Event: 11.224 Thread 0x0000020ae4bdf1c0 nmethod 2279 0x0000020ad1e0ab10 code [0x0000020ad1e0ae40, 0x0000020ad1e0c040]
Event: 11.224 Thread 0x0000020ae4bdf1c0 2280       3       java.lang.invoke.LambdaFormBuffer::growNames (281 bytes)
Event: 11.225 Thread 0x0000020ae4bdf1c0 nmethod 2280 0x0000020ad1e0cb10 code [0x0000020ad1e0cda0, 0x0000020ad1e0dd00]
Event: 11.225 Thread 0x0000020ae4bdf1c0 2281       3       java.lang.invoke.MethodHandles$Lookup::resolveOrFail (48 bytes)
Event: 11.226 Thread 0x0000020ae4bdf1c0 nmethod 2281 0x0000020ad1e0e290 code [0x0000020ad1e0e4e0, 0x0000020ad1e0eb90]
Event: 11.226 Thread 0x0000020ae4bdf1c0 2284       3       jdk.internal.org.objectweb.asm.FieldWriter::visitEnd (1 bytes)
Event: 11.226 Thread 0x0000020ae4bdf1c0 nmethod 2284 0x0000020ad1e0ee90 code [0x0000020ad1e0f020, 0x0000020ad1e0f128]
Event: 11.226 Thread 0x0000020ae4bdf1c0 2285       3       java.lang.invoke.LambdaFormBuffer::insertName (106 bytes)
Event: 11.226 Thread 0x0000020ae4bddc90 2286       4       jdk.internal.org.objectweb.asm.Frame::execute (2305 bytes)
Event: 11.226 Thread 0x0000020ae4bdf1c0 nmethod 2285 0x0000020ad1e0f190 code [0x0000020ad1e0f360, 0x0000020ad1e0f588]
Event: 11.229 Thread 0x0000020ae4bdf1c0 2289       3       java.lang.invoke.LambdaFormEditor$TransformKey::of (49 bytes)
Event: 11.230 Thread 0x0000020ae4bdf1c0 nmethod 2289 0x0000020ad1e0f690 code [0x0000020ad1e0f8a0, 0x0000020ad1e0fdd8]
Event: 11.230 Thread 0x0000020ae4bdf1c0 2290       3       java.lang.invoke.LambdaFormEditor$TransformKey::bval (26 bytes)
Event: 11.230 Thread 0x0000020ae4bdf1c0 nmethod 2290 0x0000020ad1e10010 code [0x0000020ad1e101a0, 0x0000020ad1e102a8]
Event: 11.231 Thread 0x0000020ae4bdf1c0 2291       1       java.lang.reflect.Method::getSharedParameterTypes (5 bytes)
Event: 11.231 Thread 0x0000020ae4bdf1c0 nmethod 2291 0x0000020ad9598590 code [0x0000020ad9598720, 0x0000020ad95987e8]

GC Heap History (5 events):
Event: 1.781 GC heap before
{Heap before GC invocations=1 (full 0):
 PSYoungGen      total 29696K, used 25600K [0x00000000eab00000, 0x00000000ecc00000, 0x0000000100000000)
  eden space 25600K, 100% used [0x00000000eab00000,0x00000000ec400000,0x00000000ec400000)
  from space 4096K, 0% used [0x00000000ec800000,0x00000000ec800000,0x00000000ecc00000)
  to   space 4096K, 0% used [0x00000000ec400000,0x00000000ec400000,0x00000000ec800000)
 ParOldGen       total 68608K, used 0K [0x00000000c0000000, 0x00000000c4300000, 0x00000000eab00000)
  object space 68608K, 0% used [0x00000000c0000000,0x00000000c0000000,0x00000000c4300000)
 Metaspace       used 4354K, committed 4608K, reserved 1114112K
  class space    used 460K, committed 576K, reserved 1048576K
}
Event: 1.787 GC heap after
{Heap after GC invocations=1 (full 0):
 PSYoungGen      total 29696K, used 3246K [0x00000000eab00000, 0x00000000ecc00000, 0x0000000100000000)
  eden space 25600K, 0% used [0x00000000eab00000,0x00000000eab00000,0x00000000ec400000)
  from space 4096K, 79% used [0x00000000ec400000,0x00000000ec72bb20,0x00000000ec800000)
  to   space 4096K, 0% used [0x00000000ec800000,0x00000000ec800000,0x00000000ecc00000)
 ParOldGen       total 68608K, used 16K [0x00000000c0000000, 0x00000000c4300000, 0x00000000eab00000)
  object space 68608K, 0% used [0x00000000c0000000,0x00000000c0004000,0x00000000c4300000)
 Metaspace       used 4354K, committed 4608K, reserved 1114112K
  class space    used 460K, committed 576K, reserved 1048576K
}
Event: 10.404 GC heap before
{Heap before GC invocations=2 (full 0):
 PSYoungGen      total 29696K, used 28828K [0x00000000eab00000, 0x00000000ecc00000, 0x0000000100000000)
  eden space 25600K, 99% used [0x00000000eab00000,0x00000000ec3fb828,0x00000000ec400000)
  from space 4096K, 79% used [0x00000000ec400000,0x00000000ec72bb20,0x00000000ec800000)
  to   space 4096K, 0% used [0x00000000ec800000,0x00000000ec800000,0x00000000ecc00000)
 ParOldGen       total 68608K, used 16K [0x00000000c0000000, 0x00000000c4300000, 0x00000000eab00000)
  object space 68608K, 0% used [0x00000000c0000000,0x00000000c0004000,0x00000000c4300000)
 Metaspace       used 8241K, committed 8576K, reserved 1114112K
  class space    used 847K, committed 1024K, reserved 1048576K
}
Event: 10.409 GC heap after
{Heap after GC invocations=2 (full 0):
 PSYoungGen      total 29696K, used 4079K [0x00000000eab00000, 0x00000000ecc00000, 0x0000000100000000)
  eden space 25600K, 0% used [0x00000000eab00000,0x00000000eab00000,0x00000000ec400000)
  from space 4096K, 99% used [0x00000000ec800000,0x00000000ecbfbeb0,0x00000000ecc00000)
  to   space 4096K, 0% used [0x00000000ec400000,0x00000000ec400000,0x00000000ec800000)
 ParOldGen       total 68608K, used 910K [0x00000000c0000000, 0x00000000c4300000, 0x00000000eab00000)
  object space 68608K, 1% used [0x00000000c0000000,0x00000000c00e3830,0x00000000c4300000)
 Metaspace       used 8241K, committed 8576K, reserved 1114112K
  class space    used 847K, committed 1024K, reserved 1048576K
}
Event: 11.236 GC heap before
{Heap before GC invocations=3 (full 0):
 PSYoungGen      total 29696K, used 29621K [0x00000000eab00000, 0x00000000ecc00000, 0x0000000100000000)
  eden space 25600K, 99% used [0x00000000eab00000,0x00000000ec3f1760,0x00000000ec400000)
  from space 4096K, 99% used [0x00000000ec800000,0x00000000ecbfbeb0,0x00000000ecc00000)
  to   space 4096K, 0% used [0x00000000ec400000,0x00000000ec400000,0x00000000ec800000)
 ParOldGen       total 68608K, used 910K [0x00000000c0000000, 0x00000000c4300000, 0x00000000eab00000)
  object space 68608K, 1% used [0x00000000c0000000,0x00000000c00e3830,0x00000000c4300000)
 Metaspace       used 13024K, committed 13504K, reserved 1114112K
  class space    used 1337K, committed 1536K, reserved 1048576K
}

Dll operation events (9 events):
Event: 0.099 Loaded shared library c:\Users\User\.vscode\extensions\redhat.java-1.42.0-win32-x64\jre\21.0.7-win32-x86_64\bin\java.dll
Event: 0.289 Loaded shared library c:\Users\User\.vscode\extensions\redhat.java-1.42.0-win32-x64\jre\21.0.7-win32-x86_64\bin\zip.dll
Event: 0.356 Loaded shared library C:\Users\User\.vscode\extensions\redhat.java-1.42.0-win32-x64\jre\21.0.7-win32-x86_64\bin\instrument.dll
Event: 0.367 Loaded shared library C:\Users\User\.vscode\extensions\redhat.java-1.42.0-win32-x64\jre\21.0.7-win32-x86_64\bin\net.dll
Event: 0.373 Loaded shared library C:\Users\User\.vscode\extensions\redhat.java-1.42.0-win32-x64\jre\21.0.7-win32-x86_64\bin\nio.dll
Event: 0.382 Loaded shared library C:\Users\User\.vscode\extensions\redhat.java-1.42.0-win32-x64\jre\21.0.7-win32-x86_64\bin\zip.dll
Event: 0.432 Loaded shared library C:\Users\User\.vscode\extensions\redhat.java-1.42.0-win32-x64\jre\21.0.7-win32-x86_64\bin\jimage.dll
Event: 0.637 Loaded shared library c:\Users\User\.vscode\extensions\redhat.java-1.42.0-win32-x64\jre\21.0.7-win32-x86_64\bin\verify.dll
Event: 10.374 Loaded shared library C:\Users\User\AppData\Roaming\Code\User\globalStorage\redhat.java\1.42.0\config_ss_win\org.eclipse.equinox.launcher\org.eclipse.equinox.launcher.win32.win32.x86_64_1.2.1300.v20250331-1702\eclipse_11911.dll

Deoptimization events (20 events):
Event: 11.039 Thread 0x0000020ae997d090 Uncommon trap: trap_request=0xffffff45 fr.pc=0x0000020ad95169c8 relative=0x0000000000000468
Event: 11.039 Thread 0x0000020ae997d090 Uncommon trap: reason=unstable_if action=reinterpret pc=0x0000020ad95169c8 method=java.util.jar.Manifest$FastInputStream.readLine([BII)I @ 106 c2
Event: 11.039 Thread 0x0000020ae997d090 DEOPT PACKING pc=0x0000020ad95169c8 sp=0x000000d76e7fdbe0
Event: 11.039 Thread 0x0000020ae997d090 DEOPT UNPACKING pc=0x0000020ad8f63aa2 sp=0x000000d76e7fdb18 mode 2
Event: 11.039 Thread 0x0000020ae997d090 Uncommon trap: trap_request=0xffffff45 fr.pc=0x0000020ad950895c relative=0x000000000000047c
Event: 11.039 Thread 0x0000020ae997d090 Uncommon trap: reason=unstable_if action=reinterpret pc=0x0000020ad950895c method=java.util.jar.Manifest$FastInputStream.readLine([BII)I @ 106 c2
Event: 11.039 Thread 0x0000020ae997d090 DEOPT PACKING pc=0x0000020ad950895c sp=0x000000d76e7fdb70
Event: 11.039 Thread 0x0000020ae997d090 DEOPT UNPACKING pc=0x0000020ad8f63aa2 sp=0x000000d76e7fdb20 mode 2
Event: 11.061 Thread 0x0000020ae997d090 Uncommon trap: trap_request=0xffffff45 fr.pc=0x0000020ad957a1bc relative=0x000000000000033c
Event: 11.061 Thread 0x0000020ae997d090 Uncommon trap: reason=unstable_if action=reinterpret pc=0x0000020ad957a1bc method=java.io.BufferedInputStream.implRead()I @ 8 c2
Event: 11.061 Thread 0x0000020ae997d090 DEOPT PACKING pc=0x0000020ad957a1bc sp=0x000000d76e7f76e0
Event: 11.061 Thread 0x0000020ae997d090 DEOPT UNPACKING pc=0x0000020ad8f63aa2 sp=0x000000d76e7f7608 mode 2
Event: 11.065 Thread 0x0000020ae997d090 Uncommon trap: trap_request=0xffffff45 fr.pc=0x0000020ad953d7d0 relative=0x00000000000000b0
Event: 11.065 Thread 0x0000020ae997d090 Uncommon trap: reason=unstable_if action=reinterpret pc=0x0000020ad953d7d0 method=java.io.BufferedInputStream.implRead()I @ 8 c2
Event: 11.065 Thread 0x0000020ae997d090 DEOPT PACKING pc=0x0000020ad953d7d0 sp=0x000000d76e7f7490
Event: 11.065 Thread 0x0000020ae997d090 DEOPT UNPACKING pc=0x0000020ad8f63aa2 sp=0x000000d76e7f7428 mode 2
Event: 11.198 Thread 0x0000020ae997d090 Uncommon trap: trap_request=0xffffff45 fr.pc=0x0000020ad9504608 relative=0x0000000000000f48
Event: 11.198 Thread 0x0000020ae997d090 Uncommon trap: reason=unstable_if action=reinterpret pc=0x0000020ad9504608 method=lombok.patcher.PatchScript.classMatches(Ljava/lang/String;Ljava/util/Collection;)Z @ 25 c2
Event: 11.198 Thread 0x0000020ae997d090 DEOPT PACKING pc=0x0000020ad9504608 sp=0x000000d76e7f6890
Event: 11.198 Thread 0x0000020ae997d090 DEOPT UNPACKING pc=0x0000020ad8f63aa2 sp=0x000000d76e7f6850 mode 2

Classes loaded (20 events):
Event: 11.129 Loading class sun/util/PropertyResourceBundleCharset$PropertiesFileDecoder
Event: 11.129 Loading class sun/util/PropertyResourceBundleCharset$PropertiesFileDecoder done
Event: 11.156 Loading class java/lang/AbstractMethodError
Event: 11.157 Loading class java/lang/AbstractMethodError done
Event: 11.211 Loading class java/lang/foreign/ValueLayout
Event: 11.212 Loading class java/lang/foreign/MemoryLayout
Event: 11.212 Loading class java/lang/foreign/MemoryLayout done
Event: 11.212 Loading class java/lang/foreign/ValueLayout done
Event: 11.213 Loading class java/io/ObjectInputStream
Event: 11.214 Loading class java/io/ObjectInput
Event: 11.214 Loading class java/io/ObjectInput done
Event: 11.214 Loading class java/io/ObjectStreamConstants
Event: 11.214 Loading class java/io/ObjectStreamConstants done
Event: 11.214 Loading class java/io/ObjectInputStream done
Event: 11.214 Loading class java/io/ObjectOutputStream
Event: 11.215 Loading class java/io/ObjectOutput
Event: 11.215 Loading class java/io/ObjectOutput done
Event: 11.215 Loading class java/io/ObjectOutputStream done
Event: 11.215 Loading class java/lang/constant/ClassDesc
Event: 11.216 Loading class java/lang/constant/ClassDesc done

Classes unloaded (0 events):
No events

Classes redefined (0 events):
No events

Internal exceptions (20 events):
Event: 1.905 Thread 0x0000020ace7f3fd0 Exception <a 'java/lang/NoSuchMethodError'{0x00000000eaea2f30}: 'java.lang.Object java.lang.invoke.DirectMethodHandle$Holder.invokeSpecial(java.lang.Object, java.lang.Object, java.lang.Object, int, java.lang.Object)'> (0x00000000eaea2f30) 
thrown [s\src\hotspot\share\interpreter\linkResolver.cpp, line 773]
Event: 1.916 Thread 0x0000020ace7f3fd0 Exception <a 'java/lang/NoSuchMethodError'{0x00000000eaecc7b0}: 'int java.lang.invoke.DirectMethodHandle$Holder.invokeStaticInit(java.lang.Object, java.lang.Object, java.lang.Object, java.lang.Object)'> (0x00000000eaecc7b0) 
thrown [s\src\hotspot\share\interpreter\linkResolver.cpp, line 773]
Event: 1.917 Thread 0x0000020ace7f3fd0 Exception <a 'java/lang/IncompatibleClassChangeError'{0x00000000eaed4cb0}: Found class java.lang.Object, but interface was expected> (0x00000000eaed4cb0) 
thrown [s\src\hotspot\share\interpreter\linkResolver.cpp, line 840]
Event: 1.919 Thread 0x0000020ace7f3fd0 Exception <a 'java/lang/NoSuchMethodError'{0x00000000eaed8e50}: 'void java.lang.invoke.DirectMethodHandle$Holder.invokeStaticInit(java.lang.Object, java.lang.Object)'> (0x00000000eaed8e50) 
thrown [s\src\hotspot\share\interpreter\linkResolver.cpp, line 773]
Event: 1.920 Thread 0x0000020ace7f3fd0 Exception <a 'java/lang/NoSuchMethodError'{0x00000000eaedfce8}: 'int java.lang.invoke.DirectMethodHandle$Holder.invokeStaticInit(java.lang.Object, java.lang.Object)'> (0x00000000eaedfce8) 
thrown [s\src\hotspot\share\interpreter\linkResolver.cpp, line 773]
Event: 2.016 Thread 0x0000020ace7f3fd0 Exception <a 'java/lang/NoSuchMethodError'{0x00000000eb01cf78}: 'void java.lang.invoke.DirectMethodHandle$Holder.invokeSpecial(java.lang.Object, java.lang.Object, java.lang.Object)'> (0x00000000eb01cf78) 
thrown [s\src\hotspot\share\interpreter\linkResolver.cpp, line 773]
Event: 2.272 Thread 0x0000020ace7f3fd0 Exception <a 'java/lang/NoSuchMethodError'{0x00000000eb8c0610}: 'int java.lang.invoke.DirectMethodHandle$Holder.invokeVirtual(java.lang.Object, java.lang.Object)'> (0x00000000eb8c0610) 
thrown [s\src\hotspot\share\interpreter\linkResolver.cpp, line 773]
Event: 2.365 Thread 0x0000020ace7f3fd0 Exception <a 'java/lang/NoSuchMethodError'{0x00000000ebc28da0}: 'java.lang.Object java.lang.invoke.DirectMethodHandle$Holder.newInvokeSpecial(java.lang.Object, int, java.lang.Object)'> (0x00000000ebc28da0) 
thrown [s\src\hotspot\share\interpreter\linkResolver.cpp, line 773]
Event: 2.408 Thread 0x0000020ace7f3fd0 Exception <a 'java/lang/NoSuchMethodError'{0x00000000ebdaa230}: 'java.lang.Object java.lang.invoke.DirectMethodHandle$Holder.newInvokeSpecial(java.lang.Object, java.lang.Object, java.lang.Object, java.lang.Object, int, java.lang.Object)'> (0x00000000ebdaa230) 
thrown [s\src\hotspot\share\interpreter\linkResolver.cpp, line 773]
Event: 10.368 Thread 0x0000020ace7f3fd0 Exception <a 'java/lang/UnsatisfiedLinkError'{0x00000000ec1f5708}: 'void org.eclipse.equinox.launcher.JNIBridge._update_splash()'> (0x00000000ec1f5708) 
thrown [s\src\hotspot\share\prims\nativeLookup.cpp, line 415]
Event: 10.456 Thread 0x0000020ae997d090 Exception <a 'java/lang/NullPointerException'{0x00000000ead8d488}> (0x00000000ead8d488) 
thrown [s\src\hotspot\share\interpreter\linkResolver.cpp, line 1372]
Event: 10.456 Thread 0x0000020ae997d090 Exception <a 'java/lang/NullPointerException'{0x00000000ead8d768}> (0x00000000ead8d768) 
thrown [s\src\hotspot\share\interpreter\linkResolver.cpp, line 1372]
Event: 10.839 Thread 0x0000020ae997d090 Exception <a 'java/io/FileNotFoundException'{0x00000000eb7f0af0}> (0x00000000eb7f0af0) 
thrown [s\src\hotspot\share\prims\jni.cpp, line 520]
Event: 10.954 Thread 0x0000020ae997d090 Exception <a 'java/lang/NoSuchMethodError'{0x00000000ebac5560}: 'java.lang.Object java.lang.invoke.Invokers$Holder.linkToTargetMethod(java.lang.Object, long, java.lang.Object)'> (0x00000000ebac5560) 
thrown [s\src\hotspot\share\interpreter\linkResolver.cpp, line 773]
Event: 11.092 Thread 0x0000020ae997d090 Exception <a 'java/lang/NoSuchMethodError'{0x00000000ebe6ddf8}: 'void java.lang.invoke.DirectMethodHandle$Holder.invokeInterface(java.lang.Object, java.lang.Object, java.lang.Object)'> (0x00000000ebe6ddf8) 
thrown [s\src\hotspot\share\interpreter\linkResolver.cpp, line 773]
Event: 11.130 Thread 0x0000020ae997d090 Exception <a 'java/lang/NoSuchMethodError'{0x00000000ec06cad8}: 'void java.lang.invoke.Invokers$Holder.invokeExact_MT(java.lang.Object, java.lang.Object, java.lang.Object)'> (0x00000000ec06cad8) 
thrown [s\src\hotspot\share\interpreter\linkResolver.cpp, line 773]
Event: 11.222 Thread 0x0000020ae997d090 Exception <a 'java/lang/NoSuchMethodError'{0x00000000ec336128}: 'java.lang.Object java.lang.invoke.DirectMethodHandle$Holder.invokeVirtual(java.lang.Object, java.lang.Object, java.lang.Object)'> (0x00000000ec336128) 
thrown [s\src\hotspot\share\interpreter\linkResolver.cpp, line 773]
Event: 11.225 Thread 0x0000020ae997d090 Exception <a 'java/lang/NoSuchMethodError'{0x00000000ec34e5f0}: 'java.lang.Object java.lang.invoke.DelegatingMethodHandle$Holder.reinvoke_L(java.lang.Object, java.lang.Object, java.lang.Object, java.lang.Object, int, int)'> (0x00000000ec34e5f0) 
thrown [s\src\hotspot\share\interpreter\linkResolver.cpp, line 773]
Event: 11.228 Thread 0x0000020ae997d090 Exception <a 'java/lang/NoSuchMethodError'{0x00000000ec36b600}: 'java.lang.Object java.lang.invoke.DirectMethodHandle$Holder.newInvokeSpecial(java.lang.Object, java.lang.Object, java.lang.Object, java.lang.Object, java.lang.Object, java.lang.Object)'> (0x00000000ec36b600) 
thrown [s\src\hotspot\share\interpreter\linkResolver.cpp, line 773]
Event: 11.232 Thread 0x0000020ae997d090 Exception <a 'java/lang/NoSuchMethodError'{0x00000000ec387a58}: 'void java.lang.invoke.Invokers$Holder.invokeExact_MT(java.lang.Object, java.lang.Object, java.lang.Object, java.lang.Object)'> (0x00000000ec387a58) 
thrown [s\src\hotspot\share\interpreter\linkResolver.cpp, line 773]

ZGC Phase Switch (0 events):
No events

VM Operations (20 events):
Event: 1.745 Executing VM operation: HandshakeAllThreads (Deoptimize) done
Event: 1.781 Executing VM operation: ParallelGCFailedAllocation (Allocation Failure)
Event: 1.787 Executing VM operation: ParallelGCFailedAllocation (Allocation Failure) done
Event: 2.341 Executing VM operation: HandshakeAllThreads (Deoptimize)
Event: 2.341 Executing VM operation: HandshakeAllThreads (Deoptimize) done
Event: 2.350 Executing VM operation: HandshakeAllThreads (Deoptimize)
Event: 2.350 Executing VM operation: HandshakeAllThreads (Deoptimize) done
Event: 2.405 Executing VM operation: HandshakeAllThreads (Deoptimize)
Event: 2.405 Executing VM operation: HandshakeAllThreads (Deoptimize) done
Event: 3.411 Executing VM operation: Cleanup
Event: 3.411 Executing VM operation: Cleanup done
Event: 10.404 Executing VM operation: ParallelGCFailedAllocation (Allocation Failure)
Event: 10.409 Executing VM operation: ParallelGCFailedAllocation (Allocation Failure) done
Event: 10.452 Executing VM operation: HandshakeAllThreads (Deoptimize)
Event: 10.453 Executing VM operation: HandshakeAllThreads (Deoptimize) done
Event: 10.596 Executing VM operation: HandshakeAllThreads (Deoptimize)
Event: 10.596 Executing VM operation: HandshakeAllThreads (Deoptimize) done
Event: 11.064 Executing VM operation: HandshakeAllThreads (Deoptimize)
Event: 11.064 Executing VM operation: HandshakeAllThreads (Deoptimize) done
Event: 11.236 Executing VM operation: ParallelGCFailedAllocation (Allocation Failure)

Memory protections (0 events):
No events

Nmethod flushes (0 events):
No events

Events (20 events):
Event: 0.187 Thread 0x0000020ace7f3fd0 Thread added: 0x0000020ae4bd8690
Event: 0.188 Thread 0x0000020ace7f3fd0 Thread added: 0x0000020ae4bd6f00
Event: 0.188 Thread 0x0000020ace7f3fd0 Thread added: 0x0000020ae4bdb4b0
Event: 0.188 Thread 0x0000020ace7f3fd0 Thread added: 0x0000020ae4bdcf10
Event: 0.189 Thread 0x0000020ace7f3fd0 Thread added: 0x0000020ae4bddc90
Event: 0.189 Thread 0x0000020ace7f3fd0 Thread added: 0x0000020ae4bdf1c0
Event: 0.255 Thread 0x0000020ace7f3fd0 Thread added: 0x0000020ae4cdfa20
Event: 0.613 Thread 0x0000020ae4bddc90 Thread added: 0x0000020ae4e62e70
Event: 0.718 Thread 0x0000020ae4e62e70 Thread exited: 0x0000020ae4e62e70
Event: 0.914 Thread 0x0000020ace7f3fd0 Thread added: 0x0000020ae4f37d90
Event: 1.131 Thread 0x0000020ae4bddc90 Thread added: 0x0000020ae4fcdda0
Event: 2.323 Thread 0x0000020ace7f3fd0 Thread added: 0x0000020ae99a0700
Event: 2.628 Thread 0x0000020ae4fcdda0 Thread exited: 0x0000020ae4fcdda0
Event: 10.362 Thread 0x0000020ace7f3fd0 Thread added: 0x0000020ae9984d00
Event: 10.366 Thread 0x0000020ace7f3fd0 Thread added: 0x0000020ae997d090
Event: 10.414 Thread 0x0000020ae997d090 Thread added: 0x0000020ae4c59990
Event: 10.575 Thread 0x0000020ae997d090 Thread added: 0x0000020ae933b730
Event: 10.776 Thread 0x0000020ae4bdf1c0 Thread added: 0x0000020ae9095170
Event: 11.040 Thread 0x0000020ae9095170 Thread exited: 0x0000020ae9095170
Event: 11.101 Thread 0x0000020ae997d090 Thread added: 0x0000020ae4dab180


Dynamic libraries:
0x00007ff770870000 - 0x00007ff77087e000 	c:\Users\User\.vscode\extensions\redhat.java-1.42.0-win32-x64\jre\21.0.7-win32-x86_64\bin\java.exe
0x00007ffa2f270000 - 0x00007ffa2f487000 	C:\WINDOWS\SYSTEM32\ntdll.dll
0x00007ffa2dfd0000 - 0x00007ffa2e094000 	C:\WINDOWS\System32\KERNEL32.DLL
0x00007ffa2c8c0000 - 0x00007ffa2cc93000 	C:\WINDOWS\System32\KERNELBASE.dll
0x00007ffa2c4c0000 - 0x00007ffa2c5d1000 	C:\WINDOWS\System32\ucrtbase.dll
0x00007ff9b6cd0000 - 0x00007ff9b6ce8000 	c:\Users\User\.vscode\extensions\redhat.java-1.42.0-win32-x64\jre\21.0.7-win32-x86_64\bin\jli.dll
0x00007ffa2e1f0000 - 0x00007ffa2e3a1000 	C:\WINDOWS\System32\USER32.dll
0x00007ffa2c490000 - 0x00007ffa2c4b6000 	C:\WINDOWS\System32\win32u.dll
0x00007ffa2f130000 - 0x00007ffa2f159000 	C:\WINDOWS\System32\GDI32.dll
0x00007ffa2c360000 - 0x00007ffa2c482000 	C:\WINDOWS\System32\gdi32full.dll
0x00007ffa2ce60000 - 0x00007ffa2cefa000 	C:\WINDOWS\System32\msvcp_win.dll
0x00007ff9dd200000 - 0x00007ff9dd21e000 	c:\Users\User\.vscode\extensions\redhat.java-1.42.0-win32-x64\jre\21.0.7-win32-x86_64\bin\VCRUNTIME140.dll
0x00007ffa12620000 - 0x00007ffa128bb000 	C:\WINDOWS\WinSxS\amd64_microsoft.windows.common-controls_6595b64144ccf1df_6.0.22621.5262_none_2712bde373830908\COMCTL32.dll
0x00007ffa2d2e0000 - 0x00007ffa2d387000 	C:\WINDOWS\System32\msvcrt.dll
0x00007ffa2e3d0000 - 0x00007ffa2e401000 	C:\WINDOWS\System32\IMM32.DLL
0x00007ffa27960000 - 0x00007ffa2796c000 	c:\Users\User\.vscode\extensions\redhat.java-1.42.0-win32-x64\jre\21.0.7-win32-x86_64\bin\vcruntime140_1.dll
0x00007ff9aef80000 - 0x00007ff9af00d000 	c:\Users\User\.vscode\extensions\redhat.java-1.42.0-win32-x64\jre\21.0.7-win32-x86_64\bin\msvcp140.dll
0x00007ff99f7f0000 - 0x00007ff9a0580000 	c:\Users\User\.vscode\extensions\redhat.java-1.42.0-win32-x64\jre\21.0.7-win32-x86_64\bin\server\jvm.dll
0x00007ffa2e0b0000 - 0x00007ffa2e161000 	C:\WINDOWS\System32\ADVAPI32.dll
0x00007ffa2e6b0000 - 0x00007ffa2e757000 	C:\WINDOWS\System32\sechost.dll
0x00007ffa2c6a0000 - 0x00007ffa2c6c8000 	C:\WINDOWS\System32\bcrypt.dll
0x00007ffa2d1c0000 - 0x00007ffa2d2d4000 	C:\WINDOWS\System32\RPCRT4.dll
0x00007ffa2e170000 - 0x00007ffa2e1e1000 	C:\WINDOWS\System32\WS2_32.dll
0x00007ffa2b1c0000 - 0x00007ffa2b20d000 	C:\WINDOWS\SYSTEM32\POWRPROF.dll
0x00007ffa29980000 - 0x00007ffa299b4000 	C:\WINDOWS\SYSTEM32\WINMM.dll
0x00007ffa23490000 - 0x00007ffa2349a000 	C:\WINDOWS\SYSTEM32\VERSION.dll
0x00007ffa2b1a0000 - 0x00007ffa2b1b3000 	C:\WINDOWS\SYSTEM32\UMPDC.dll
0x00007ffa2b470000 - 0x00007ffa2b488000 	C:\WINDOWS\SYSTEM32\kernel.appcore.dll
0x00007ff9fe940000 - 0x00007ff9fe94a000 	c:\Users\User\.vscode\extensions\redhat.java-1.42.0-win32-x64\jre\21.0.7-win32-x86_64\bin\jimage.dll
0x00007ffa29650000 - 0x00007ffa29882000 	C:\WINDOWS\SYSTEM32\DBGHELP.DLL
0x00007ffa2dc30000 - 0x00007ffa2dfc3000 	C:\WINDOWS\System32\combase.dll
0x00007ffa2ee80000 - 0x00007ffa2ef57000 	C:\WINDOWS\System32\OLEAUT32.dll
0x00007ffa29600000 - 0x00007ffa29632000 	C:\WINDOWS\SYSTEM32\dbgcore.DLL
0x00007ffa2c840000 - 0x00007ffa2c8bb000 	C:\WINDOWS\System32\bcryptPrimitives.dll
0x00007ff9fbe50000 - 0x00007ff9fbe5f000 	c:\Users\User\.vscode\extensions\redhat.java-1.42.0-win32-x64\jre\21.0.7-win32-x86_64\bin\instrument.dll
0x00007ff9b0010000 - 0x00007ff9b002f000 	c:\Users\User\.vscode\extensions\redhat.java-1.42.0-win32-x64\jre\21.0.7-win32-x86_64\bin\java.dll
0x00007ffa2d390000 - 0x00007ffa2dc2d000 	C:\WINDOWS\System32\SHELL32.dll
0x00007ffa2cd20000 - 0x00007ffa2ce5f000 	C:\WINDOWS\System32\wintypes.dll
0x00007ffa2a260000 - 0x00007ffa2ab7d000 	C:\WINDOWS\SYSTEM32\windows.storage.dll
0x00007ffa2d0b0000 - 0x00007ffa2d1bb000 	C:\WINDOWS\System32\SHCORE.dll
0x00007ffa2d040000 - 0x00007ffa2d0a6000 	C:\WINDOWS\System32\shlwapi.dll
0x00007ffa2c290000 - 0x00007ffa2c2bb000 	C:\WINDOWS\SYSTEM32\profapi.dll
0x00007ff9aef60000 - 0x00007ff9aef78000 	c:\Users\User\.vscode\extensions\redhat.java-1.42.0-win32-x64\jre\21.0.7-win32-x86_64\bin\zip.dll
0x00007ff9dd040000 - 0x00007ff9dd050000 	C:\Users\User\.vscode\extensions\redhat.java-1.42.0-win32-x64\jre\21.0.7-win32-x86_64\bin\net.dll
0x00007ffa27d60000 - 0x00007ffa27e8c000 	C:\WINDOWS\SYSTEM32\WINHTTP.dll
0x00007ffa2b910000 - 0x00007ffa2b97a000 	C:\WINDOWS\system32\mswsock.dll
0x00007ff9a09b0000 - 0x00007ff9a09c6000 	C:\Users\User\.vscode\extensions\redhat.java-1.42.0-win32-x64\jre\21.0.7-win32-x86_64\bin\nio.dll
0x00007ff9dbe40000 - 0x00007ff9dbe50000 	c:\Users\User\.vscode\extensions\redhat.java-1.42.0-win32-x64\jre\21.0.7-win32-x86_64\bin\verify.dll
0x00007ff9ddef0000 - 0x00007ff9ddf35000 	C:\Users\User\AppData\Roaming\Code\User\globalStorage\redhat.java\1.42.0\config_ss_win\org.eclipse.equinox.launcher\org.eclipse.equinox.launcher.win32.win32.x86_64_1.2.1300.v20250331-1702\eclipse_11911.dll
0x00007ffa2e7e0000 - 0x00007ffa2e981000 	C:\WINDOWS\System32\ole32.dll

dbghelp: loaded successfully - version: 4.0.5 - missing functions: none
symbol engine: initialized successfully - sym options: 0x614 - pdb path: .;c:\Users\User\.vscode\extensions\redhat.java-1.42.0-win32-x64\jre\21.0.7-win32-x86_64\bin;C:\WINDOWS\SYSTEM32;C:\WINDOWS\WinSxS\amd64_microsoft.windows.common-controls_6595b64144ccf1df_6.0.22621.5262_none_2712bde373830908;c:\Users\User\.vscode\extensions\redhat.java-1.42.0-win32-x64\jre\21.0.7-win32-x86_64\bin\server;C:\Users\User\AppData\Roaming\Code\User\globalStorage\redhat.java\1.42.0\config_ss_win\org.eclipse.equinox.launcher\org.eclipse.equinox.launcher.win32.win32.x86_64_1.2.1300.v20250331-1702

VM Arguments:
jvm_args: --add-modules=ALL-SYSTEM --add-opens=java.base/java.util=ALL-UNNAMED --add-opens=java.base/java.lang=ALL-UNNAMED --add-opens=java.base/sun.nio.fs=ALL-UNNAMED -Declipse.application=org.eclipse.jdt.ls.core.id1 -Dosgi.bundles.defaultStartLevel=4 -Declipse.product=org.eclipse.jdt.ls.core.product -Djava.import.generatesMetadataFilesAtProjectRoot=false -DDetectVMInstallationsJob.disabled=true -Dfile.encoding=utf8 -XX:+UseParallelGC -XX:GCTimeRatio=4 -XX:AdaptiveSizePolicyWeight=90 -Dsun.zip.disableMemoryMapping=true -Xmx1G -Xms100m -Xlog:disable -javaagent:c:\Users\User\.vscode\extensions\redhat.java-1.42.0-win32-x64\lombok\lombok-1.18.36.jar 
java_command: c:\Users\User\.vscode\extensions\redhat.java-1.42.0-win32-x64\server\plugins\org.eclipse.equinox.launcher_1.7.0.v20250424-1814.jar -configuration c:\Users\User\AppData\Roaming\Code\User\globalStorage\redhat.java\1.42.0\config_ss_win -data c:\Users\User\AppData\Roaming\Code\User\workspaceStorage\46c8eabcd6d18eb18227af2bab330112\redhat.java\ss_ws --pipe=\\.\pipe\lsp-c57df3bae301c5b4797af7b8e7a089d6-sock
java_class_path (initial): c:\Users\User\.vscode\extensions\redhat.java-1.42.0-win32-x64\server\plugins\org.eclipse.equinox.launcher_1.7.0.v20250424-1814.jar
Launcher Type: SUN_STANDARD

[Global flags]
    uintx AdaptiveSizePolicyWeight                 = 90                                        {product} {command line}
     intx CICompilerCount                          = 4                                         {product} {ergonomic}
    uintx GCTimeRatio                              = 4                                         {product} {command line}
   size_t InitialHeapSize                          = 104857600                                 {product} {command line}
   size_t MaxHeapSize                              = 1073741824                                {product} {command line}
   size_t MaxNewSize                               = 357564416                                 {product} {ergonomic}
   size_t MinHeapDeltaBytes                        = 524288                                    {product} {ergonomic}
   size_t MinHeapSize                              = 104857600                                 {product} {command line}
   size_t NewSize                                  = 34603008                                  {product} {ergonomic}
    uintx NonNMethodCodeHeapSize                   = 5839372                                {pd product} {ergonomic}
    uintx NonProfiledCodeHeapSize                  = 122909434                              {pd product} {ergonomic}
   size_t OldSize                                  = 70254592                                  {product} {ergonomic}
    uintx ProfiledCodeHeapSize                     = 122909434                              {pd product} {ergonomic}
    uintx ReservedCodeCacheSize                    = 251658240                              {pd product} {ergonomic}
     bool SegmentedCodeCache                       = true                                      {product} {ergonomic}
   size_t SoftMaxHeapSize                          = 1073741824                             {manageable} {ergonomic}
     bool UseCompressedOops                        = true                           {product lp64_product} {ergonomic}
     bool UseLargePagesIndividualAllocation        = false                                  {pd product} {ergonomic}
     bool UseParallelGC                            = true                                      {product} {command line}

Logging:
Log output configuration:
 #0: stdout all=off uptime,level,tags foldmultilines=false
 #1: stderr all=off uptime,level,tags foldmultilines=false

Environment Variables:
JAVA_HOME=C:\Program Files\Eclipse Adoptium\jdk-17.0.15.6-hotspot\
PATH=C:\Program Files\Eclipse Adoptium\jdk-17.0.15.6-hotspot\bin;C:\Python313\Scripts\;C:\Python313\;C:\Program Files (x86)\Common Files\Intel\Shared Libraries\redist\intel64\compiler;C:\WINDOWS\system32;C:\WINDOWS;C:\WINDOWS\System32\Wbem;C:\WINDOWS\System32\WindowsPowerShell\v1.0\;C:\WINDOWS\System32\OpenSSH\;C:\Program Files (x86)\NVIDIA Corporation\PhysX\Common;C:\Program Files\NVIDIA Corporation\NVIDIA NvDLISR;C:\Program Files\Microsoft SQL Server\Client SDK\ODBC\170\Tools\Binn\;C:\Program Files (x86)\Microsoft SQL Server\150\DTS\Binn\;C:\Program Files\Azure Data Studio\bin;C:\Program Files (x86)\Microsoft SQL Server\150\Tools\Binn\;C:\Program Files\Microsoft SQL Server\150\Tools\Binn\;C:\Program Files\Microsoft SQL Server\150\DTS\Binn\;C:\Program Files (x86)\Microsoft SQL Server\160\DTS\Binn\;C:\Program Files (x86)\Windows Kits\10\Windows Performance Toolkit\;C:\ProgramData\chocolatey\bin;C:\Program Files\Git\cmd;C:\Program Files\nodejs\;C:\Users\User\AppData\Local\Android\Sdk;C:\Program Files\Java\jdk-24\bin;%ANDROID_HOME%\emulator;%ANDROID_HOME%\tools;%ANDROID_HOME%\tools\bin;%ANDROID_HOME%\platform-tools;C:\Program Files\dotnet\;C:\Users\User\AppData\Local\Microsoft\WindowsApps;C:\Users\User\AppData\Local\GitHubDesktop\bin;C:\Program Files\Azure Data Studio\bin;C:\Users\User\AppData\Local\Programs\Microsoft VS Code\bin;C:\Users\User\.dotnet\tools;C:\Users\User\AppData\Roaming\npm;C:\Users\User\AppData\Local\Android\Sdk\platform-tools;C:\Program Files\Java\jdk-24\bin;
USERNAME=User
OS=Windows_NT
PROCESSOR_IDENTIFIER=Intel64 Family 6 Model 154 Stepping 4, GenuineIntel
TMP=C:\Users\User\AppData\Local\Temp
TEMP=C:\Users\User\AppData\Local\Temp




Periodic native trim disabled

---------------  S Y S T E M  ---------------

OS:
 Windows 11 , 64 bit Build 22621 (10.0.22621.5262)
OS uptime: 0 days 4:50 hours
Hyper-V role detected

CPU: total 12 (initial active 12) (6 cores per cpu, 2 threads per core) family 6 model 154 stepping 4 microcode 0x432, cx8, cmov, fxsr, ht, mmx, 3dnowpref, sse, sse2, sse3, ssse3, sse4.1, sse4.2, popcnt, lzcnt, tsc, tscinvbit, avx, avx2, aes, erms, clmul, bmi1, bmi2, adx, sha, fma, vzeroupper, clflush, clflushopt, clwb, hv, serialize, rdtscp, rdpid, fsrm, f16c, cet_ibt, cet_ss
Processor Information for processor 0
  Max Mhz: 1700, Current Mhz: 1700, Mhz Limit: 1700
Processor Information for processor 1
  Max Mhz: 1700, Current Mhz: 1700, Mhz Limit: 1700
Processor Information for processor 2
  Max Mhz: 1700, Current Mhz: 1700, Mhz Limit: 1700
Processor Information for processor 3
  Max Mhz: 1700, Current Mhz: 1700, Mhz Limit: 1700
Processor Information for processor 4
  Max Mhz: 1700, Current Mhz: 1200, Mhz Limit: 1190
Processor Information for processor 5
  Max Mhz: 1700, Current Mhz: 1200, Mhz Limit: 1190
Processor Information for processor 6
  Max Mhz: 1700, Current Mhz: 1200, Mhz Limit: 1190
Processor Information for processor 7
  Max Mhz: 1700, Current Mhz: 1200, Mhz Limit: 1190
Processor Information for processor 8
  Max Mhz: 1700, Current Mhz: 1200, Mhz Limit: 1190
Processor Information for processor 9
  Max Mhz: 1700, Current Mhz: 1200, Mhz Limit: 1190
Processor Information for processor 10
  Max Mhz: 1700, Current Mhz: 1200, Mhz Limit: 1190
Processor Information for processor 11
  Max Mhz: 1700, Current Mhz: 1200, Mhz Limit: 1190

Memory: 4k page, system-wide physical 16067M (401M free)
TotalPageFile size 45526M (AvailPageFile size 20M)
current process WorkingSet (physical memory assigned to process): 104M, peak: 104M
current process commit charge ("private bytes"): 220M, peak: 220M

vm_info: OpenJDK 64-Bit Server VM (21.0.7+6-LTS) for windows-amd64 JRE (21.0.7+6-LTS), built on 2025-04-15T00:00:00Z by "admin" with MS VC++ 17.7 (VS2022)

END.
